<?xml version="1.0" encoding="UTF-8"?>
<testng-results skipped="0" failed="0" total="0" passed="0">
  <reporter-output>
  </reporter-output>
  <suite name="Automation.AppTest" duration-ms="0" started-at="2013-04-30T12:04:17Z" finished-at="2013-04-30T12:04:17Z">
    <groups>
    </groups>
    <test name="Command line test" duration-ms="0" started-at="2013-04-30T12:04:17Z" finished-at="2013-04-30T12:04:17Z">
    </test> <!-- Command line test -->
  </suite> <!-- Automation.AppTest -->
</testng-results>
