<?xml version="1.0" encoding="UTF-8"?>
<testng-results skipped="0" failed="0" total="0" passed="0">
  <reporter-output>
  </reporter-output>
  <suite name="Testing.AppTest" duration-ms="15" started-at="2013-04-30T12:41:07Z" finished-at="2013-04-30T12:41:07Z">
    <groups>
    </groups>
    <test name="Command line test" duration-ms="15" started-at="2013-04-30T12:41:07Z" finished-at="2013-04-30T12:41:07Z">
    </test> <!-- Command line test -->
  </suite> <!-- Testing.AppTest -->
</testng-results>
